Analysis & Synthesis report for cpu
Thu Dec 14 20:49:07 2017
Quartus Prime Version 17.0.0 Build 595 04/25/2017 SJ Standard Edition


---------------------
; Table of Contents ;
---------------------
  1. Legal Notice
  2. Analysis & Synthesis Summary
  3. Analysis & Synthesis Settings
  4. Parallel Compilation
  5. Analysis & Synthesis Source Files Read
  6. Analysis & Synthesis Resource Usage Summary
  7. Analysis & Synthesis Resource Utilization by Entity
  8. User-Specified and Inferred Latches
  9. General Register Statistics
 10. Inverted Register Statistics
 11. Multiplexer Restructuring Statistics (Restructuring Performed)
 12. Parameter Settings for User Entity Instance: debounce:debounce0
 13. Post-Synthesis Netlist Statistics for Top Partition
 14. Elapsed Time Per Partition
 15. Analysis & Synthesis Messages



----------------
; Legal Notice ;
----------------
Copyright (C) 2017  Intel Corporation. All rights reserved.
Your use of Intel Corporation's design tools, logic functions 
and other software and tools, and its AMPP partner logic 
functions, and any output files from any of the foregoing 
(including device programming or simulation files), and any 
associated documentation or information are expressly subject 
to the terms and conditions of the Intel Program License 
Subscription Agreement, the Intel Quartus Prime License Agreement,
the Intel MegaCore Function License Agreement, or other 
applicable license agreement, including, without limitation, 
that your use is for the sole purpose of programming logic 
devices manufactured by Intel and sold by Intel or its 
authorized distributors.  Please refer to the applicable 
agreement for further details.



+--------------------------------------------------------------------------------------+
; Analysis & Synthesis Summary                                                         ;
+------------------------------------+-------------------------------------------------+
; Analysis & Synthesis Status        ; Successful - Thu Dec 14 20:49:07 2017           ;
; Quartus Prime Version              ; 17.0.0 Build 595 04/25/2017 SJ Standard Edition ;
; Revision Name                      ; cpu                                             ;
; Top-level Entity Name              ; cpu                                             ;
; Family                             ; Cyclone IV E                                    ;
; Total logic elements               ; 276                                             ;
;     Total combinational functions  ; 274                                             ;
;     Dedicated logic registers      ; 28                                              ;
; Total registers                    ; 28                                              ;
; Total pins                         ; 105                                             ;
; Total virtual pins                 ; 0                                               ;
; Total memory bits                  ; 0                                               ;
; Embedded Multiplier 9-bit elements ; 0                                               ;
; Total PLLs                         ; 0                                               ;
+------------------------------------+-------------------------------------------------+


+----------------------------------------------------------------------------------------------------------------------+
; Analysis & Synthesis Settings                                                                                        ;
+----------------------------------------------------------------------------+--------------------+--------------------+
; Option                                                                     ; Setting            ; Default Value      ;
+----------------------------------------------------------------------------+--------------------+--------------------+
; Device                                                                     ; EP4CE115F29C7      ;                    ;
; Top-level entity name                                                      ; cpu                ; cpu                ;
; Family name                                                                ; Cyclone IV E       ; Cyclone V          ;
; Use smart compilation                                                      ; Off                ; Off                ;
; Enable parallel Assembler and TimeQuest Timing Analyzer during compilation ; On                 ; On                 ;
; Enable compact report table                                                ; Off                ; Off                ;
; Restructure Multiplexers                                                   ; Auto               ; Auto               ;
; Create Debugging Nodes for IP Cores                                        ; Off                ; Off                ;
; Preserve fewer node names                                                  ; On                 ; On                 ;
; OpenCore Plus hardware evaluation                                          ; Enable             ; Enable             ;
; Verilog Version                                                            ; Verilog_2001       ; Verilog_2001       ;
; VHDL Version                                                               ; VHDL_1993          ; VHDL_1993          ;
; State Machine Processing                                                   ; Auto               ; Auto               ;
; Safe State Machine                                                         ; Off                ; Off                ;
; Extract Verilog State Machines                                             ; On                 ; On                 ;
; Extract VHDL State Machines                                                ; On                 ; On                 ;
; Ignore Verilog initial constructs                                          ; Off                ; Off                ;
; Iteration limit for constant Verilog loops                                 ; 5000               ; 5000               ;
; Iteration limit for non-constant Verilog loops                             ; 250                ; 250                ;
; Add Pass-Through Logic to Inferred RAMs                                    ; On                 ; On                 ;
; Infer RAMs from Raw Logic                                                  ; On                 ; On                 ;
; Parallel Synthesis                                                         ; On                 ; On                 ;
; DSP Block Balancing                                                        ; Auto               ; Auto               ;
; NOT Gate Push-Back                                                         ; On                 ; On                 ;
; Power-Up Don't Care                                                        ; On                 ; On                 ;
; Remove Redundant Logic Cells                                               ; Off                ; Off                ;
; Remove Duplicate Registers                                                 ; On                 ; On                 ;
; Ignore CARRY Buffers                                                       ; Off                ; Off                ;
; Ignore CASCADE Buffers                                                     ; Off                ; Off                ;
; Ignore GLOBAL Buffers                                                      ; Off                ; Off                ;
; Ignore ROW GLOBAL Buffers                                                  ; Off                ; Off                ;
; Ignore LCELL Buffers                                                       ; Off                ; Off                ;
; Ignore SOFT Buffers                                                        ; On                 ; On                 ;
; Limit AHDL Integers to 32 Bits                                             ; Off                ; Off                ;
; Optimization Technique                                                     ; Balanced           ; Balanced           ;
; Carry Chain Length                                                         ; 70                 ; 70                 ;
; Auto Carry Chains                                                          ; On                 ; On                 ;
; Auto Open-Drain Pins                                                       ; On                 ; On                 ;
; Perform WYSIWYG Primitive Resynthesis                                      ; Off                ; Off                ;
; Auto ROM Replacement                                                       ; On                 ; On                 ;
; Auto RAM Replacement                                                       ; On                 ; On                 ;
; Auto DSP Block Replacement                                                 ; On                 ; On                 ;
; Auto Shift Register Replacement                                            ; Auto               ; Auto               ;
; Allow Shift Register Merging across Hierarchies                            ; Auto               ; Auto               ;
; Auto Clock Enable Replacement                                              ; On                 ; On                 ;
; Strict RAM Replacement                                                     ; Off                ; Off                ;
; Allow Synchronous Control Signals                                          ; On                 ; On                 ;
; Force Use of Synchronous Clear Signals                                     ; Off                ; Off                ;
; Auto RAM Block Balancing                                                   ; On                 ; On                 ;
; Auto RAM to Logic Cell Conversion                                          ; Off                ; Off                ;
; Auto Resource Sharing                                                      ; Off                ; Off                ;
; Allow Any RAM Size For Recognition                                         ; Off                ; Off                ;
; Allow Any ROM Size For Recognition                                         ; Off                ; Off                ;
; Allow Any Shift Register Size For Recognition                              ; Off                ; Off                ;
; Use LogicLock Constraints during Resource Balancing                        ; On                 ; On                 ;
; Ignore translate_off and synthesis_off directives                          ; Off                ; Off                ;
; Timing-Driven Synthesis                                                    ; On                 ; On                 ;
; Report Parameter Settings                                                  ; On                 ; On                 ;
; Report Source Assignments                                                  ; On                 ; On                 ;
; Report Connectivity Checks                                                 ; On                 ; On                 ;
; Ignore Maximum Fan-Out Assignments                                         ; Off                ; Off                ;
; Synchronization Register Chain Length                                      ; 2                  ; 2                  ;
; PowerPlay Power Optimization During Synthesis                              ; Normal compilation ; Normal compilation ;
; HDL message level                                                          ; Level2             ; Level2             ;
; Suppress Register Optimization Related Messages                            ; Off                ; Off                ;
; Number of Removed Registers Reported in Synthesis Report                   ; 5000               ; 5000               ;
; Number of Swept Nodes Reported in Synthesis Report                         ; 5000               ; 5000               ;
; Number of Inverted Registers Reported in Synthesis Report                  ; 100                ; 100                ;
; Clock MUX Protection                                                       ; On                 ; On                 ;
; Auto Gated Clock Conversion                                                ; Off                ; Off                ;
; Block Design Naming                                                        ; Auto               ; Auto               ;
; SDC constraint protection                                                  ; Off                ; Off                ;
; Synthesis Effort                                                           ; Auto               ; Auto               ;
; Shift Register Replacement - Allow Asynchronous Clear Signal               ; On                 ; On                 ;
; Pre-Mapping Resynthesis Optimization                                       ; Off                ; Off                ;
; Analysis & Synthesis Message Level                                         ; Medium             ; Medium             ;
; Disable Register Merging Across Hierarchies                                ; Auto               ; Auto               ;
; Resource Aware Inference For Block RAM                                     ; On                 ; On                 ;
+----------------------------------------------------------------------------+--------------------+--------------------+


+------------------------------------------+
; Parallel Compilation                     ;
+----------------------------+-------------+
; Processors                 ; Number      ;
+----------------------------+-------------+
; Number detected on machine ; 8           ;
; Maximum allowed            ; 4           ;
;                            ;             ;
; Average used               ; 1.00        ;
; Maximum used               ; 4           ;
;                            ;             ;
; Usage by Processor         ; % Time Used ;
;     Processor 1            ; 100.0%      ;
;     Processors 2-4         ;   0.0%      ;
+----------------------------+-------------+


+-----------------------------------------------------------------------------------------------------------------------------------------+
; Analysis & Synthesis Source Files Read                                                                                                  ;
+----------------------------------+-----------------+------------------------+-------------------------------------------------+---------+
; File Name with User-Entered Path ; Used in Netlist ; File Type              ; File Name with Absolute Path                    ; Library ;
+----------------------------------+-----------------+------------------------+-------------------------------------------------+---------+
; cpu.vhd                          ; yes             ; User VHDL File         ; C:/Users/students/Desktop/CPU/cpu.vhd           ;         ;
; sevsegdecoder.vhd                ; yes             ; User VHDL File         ; C:/Users/students/Desktop/CPU/sevsegdecoder.vhd ;         ;
; RAM.vhd                          ; yes             ; User VHDL File         ; C:/Users/students/Desktop/CPU/RAM.vhd           ;         ;
; mux.vhd                          ; yes             ; User VHDL File         ; C:/Users/students/Desktop/CPU/mux.vhd           ;         ;
; acc.vhd                          ; yes             ; User VHDL File         ; C:/Users/students/Desktop/CPU/acc.vhd           ;         ;
; insrg.vhd                        ; yes             ; User VHDL File         ; C:/Users/students/Desktop/CPU/insrg.vhd         ;         ;
; pc.vhd                           ; yes             ; User VHDL File         ; C:/Users/students/Desktop/CPU/pc.vhd            ;         ;
; alu.vhd                          ; yes             ; User VHDL File         ; C:/Users/students/Desktop/CPU/alu.vhd           ;         ;
; debounce.v                       ; yes             ; User Verilog HDL File  ; C:/Users/students/Desktop/CPU/debounce.v        ;         ;
+----------------------------------+-----------------+------------------------+-------------------------------------------------+---------+


+-----------------------------------------------------------+
; Analysis & Synthesis Resource Usage Summary               ;
+---------------------------------------------+-------------+
; Resource                                    ; Usage       ;
+---------------------------------------------+-------------+
; Estimated Total logic elements              ; 276         ;
;                                             ;             ;
; Total combinational functions               ; 274         ;
; Logic element usage by number of LUT inputs ;             ;
;     -- 4 input functions                    ; 153         ;
;     -- 3 input functions                    ; 79          ;
;     -- <=2 input functions                  ; 42          ;
;                                             ;             ;
; Logic elements by mode                      ;             ;
;     -- normal mode                          ; 255         ;
;     -- arithmetic mode                      ; 19          ;
;                                             ;             ;
; Total registers                             ; 28          ;
;     -- Dedicated logic registers            ; 28          ;
;     -- I/O registers                        ; 0           ;
;                                             ;             ;
; I/O pins                                    ; 105         ;
;                                             ;             ;
; Embedded Multiplier 9-bit elements          ; 0           ;
;                                             ;             ;
; Maximum fan-out node                        ; SW[4]~input ;
; Maximum fan-out                             ; 39          ;
; Total fan-out                               ; 1245        ;
; Average fan-out                             ; 2.43        ;
+---------------------------------------------+-------------+


+-----------------------------------------------------------------------------------------------------------------------------------------------------------------------------------------------------------------+
; Analysis & Synthesis Resource Utilization by Entity                                                                                                                                                             ;
+----------------------------+---------------------+---------------------------+-------------+--------------+---------+-----------+------+--------------+--------------------------+---------------+--------------+
; Compilation Hierarchy Node ; Combinational ALUTs ; Dedicated Logic Registers ; Memory Bits ; DSP Elements ; DSP 9x9 ; DSP 18x18 ; Pins ; Virtual Pins ; Full Hierarchy Name      ; Entity Name   ; Library Name ;
+----------------------------+---------------------+---------------------------+-------------+--------------+---------+-----------+------+--------------+--------------------------+---------------+--------------+
; |cpu                       ; 274 (17)            ; 28 (0)                    ; 0           ; 0            ; 0       ; 0         ; 105  ; 0            ; |cpu                     ; cpu           ; work         ;
;    |RAM:ram0|              ; 124 (124)           ; 0 (0)                     ; 0           ; 0            ; 0       ; 0         ; 0    ; 0            ; |cpu|RAM:ram0            ; RAM           ; work         ;
;    |acc:acc0|              ; 0 (0)               ; 4 (4)                     ; 0           ; 0            ; 0       ; 0         ; 0    ; 0            ; |cpu|acc:acc0            ; acc           ; work         ;
;    |alu:alu0|              ; 39 (39)             ; 0 (0)                     ; 0           ; 0            ; 0       ; 0         ; 0    ; 0            ; |cpu|alu:alu0            ; alu           ; work         ;
;    |debounce:debounce0|    ; 26 (26)             ; 20 (20)                   ; 0           ; 0            ; 0       ; 0         ; 0    ; 0            ; |cpu|debounce:debounce0  ; debounce      ; work         ;
;    |mux:mux0|              ; 4 (4)               ; 0 (0)                     ; 0           ; 0            ; 0       ; 0         ; 0    ; 0            ; |cpu|mux:mux0            ; mux           ; work         ;
;    |pc:pc0|                ; 8 (8)               ; 4 (4)                     ; 0           ; 0            ; 0       ; 0         ; 0    ; 0            ; |cpu|pc:pc0              ; pc            ; work         ;
;    |sevsegdecoder:disp0|   ; 7 (7)               ; 0 (0)                     ; 0           ; 0            ; 0       ; 0         ; 0    ; 0            ; |cpu|sevsegdecoder:disp0 ; sevsegdecoder ; work         ;
;    |sevsegdecoder:disp1|   ; 7 (7)               ; 0 (0)                     ; 0           ; 0            ; 0       ; 0         ; 0    ; 0            ; |cpu|sevsegdecoder:disp1 ; sevsegdecoder ; work         ;
;    |sevsegdecoder:disp2|   ; 7 (7)               ; 0 (0)                     ; 0           ; 0            ; 0       ; 0         ; 0    ; 0            ; |cpu|sevsegdecoder:disp2 ; sevsegdecoder ; work         ;
;    |sevsegdecoder:disp3|   ; 7 (7)               ; 0 (0)                     ; 0           ; 0            ; 0       ; 0         ; 0    ; 0            ; |cpu|sevsegdecoder:disp3 ; sevsegdecoder ; work         ;
;    |sevsegdecoder:disp4|   ; 7 (7)               ; 0 (0)                     ; 0           ; 0            ; 0       ; 0         ; 0    ; 0            ; |cpu|sevsegdecoder:disp4 ; sevsegdecoder ; work         ;
;    |sevsegdecoder:disp5|   ; 7 (7)               ; 0 (0)                     ; 0           ; 0            ; 0       ; 0         ; 0    ; 0            ; |cpu|sevsegdecoder:disp5 ; sevsegdecoder ; work         ;
;    |sevsegdecoder:disp6|   ; 7 (7)               ; 0 (0)                     ; 0           ; 0            ; 0       ; 0         ; 0    ; 0            ; |cpu|sevsegdecoder:disp6 ; sevsegdecoder ; work         ;
;    |sevsegdecoder:disp7|   ; 7 (7)               ; 0 (0)                     ; 0           ; 0            ; 0       ; 0         ; 0    ; 0            ; |cpu|sevsegdecoder:disp7 ; sevsegdecoder ; work         ;
+----------------------------+---------------------+---------------------------+-------------+--------------+---------+-----------+------+--------------+--------------------------+---------------+--------------+
Note: For table entries with two numbers listed, the numbers in parentheses indicate the number of resources of the given type used by the specific entity alone. The numbers listed outside of parentheses indicate the total resources of the given type used by the specific entity and all of its sub-entities in the hierarchy.


+----------------------------------------------------------------------------------------------------+
; User-Specified and Inferred Latches                                                                ;
+-----------------------------------------------------+---------------------+------------------------+
; Latch Name                                          ; Latch Enable Signal ; Free of Timing Hazards ;
+-----------------------------------------------------+---------------------+------------------------+
; RAM:ram0|dataout[0]                                 ; SW[13]              ; yes                    ;
; RAM:ram0|dataout[1]                                 ; SW[13]              ; yes                    ;
; RAM:ram0|dataout[2]                                 ; SW[13]              ; yes                    ;
; RAM:ram0|dataout[3]                                 ; SW[13]              ; yes                    ;
; RAM:ram0|memory~24                                  ; rtl~0               ; yes                    ;
; RAM:ram0|memory~40                                  ; rtl~1               ; yes                    ;
; RAM:ram0|memory~8                                   ; rtl~2               ; yes                    ;
; RAM:ram0|memory~56                                  ; rtl~3               ; yes                    ;
; RAM:ram0|memory~36                                  ; rtl~4               ; yes                    ;
; RAM:ram0|memory~20                                  ; rtl~5               ; yes                    ;
; RAM:ram0|memory~4                                   ; rtl~6               ; yes                    ;
; RAM:ram0|memory~52                                  ; rtl~7               ; yes                    ;
; RAM:ram0|memory~16                                  ; rtl~8               ; yes                    ;
; RAM:ram0|memory~32                                  ; rtl~9               ; yes                    ;
; RAM:ram0|memory~0                                   ; rtl~10              ; yes                    ;
; RAM:ram0|memory~48                                  ; rtl~11              ; yes                    ;
; RAM:ram0|memory~44                                  ; rtl~12              ; yes                    ;
; RAM:ram0|memory~28                                  ; rtl~13              ; yes                    ;
; RAM:ram0|memory~12                                  ; rtl~14              ; yes                    ;
; RAM:ram0|memory~60                                  ; rtl~15              ; yes                    ;
; RAM:ram0|memory~25                                  ; rtl~0               ; yes                    ;
; RAM:ram0|memory~21                                  ; rtl~5               ; yes                    ;
; RAM:ram0|memory~17                                  ; rtl~8               ; yes                    ;
; RAM:ram0|memory~29                                  ; rtl~13              ; yes                    ;
; RAM:ram0|memory~37                                  ; rtl~4               ; yes                    ;
; RAM:ram0|memory~41                                  ; rtl~1               ; yes                    ;
; RAM:ram0|memory~33                                  ; rtl~9               ; yes                    ;
; RAM:ram0|memory~45                                  ; rtl~12              ; yes                    ;
; RAM:ram0|memory~5                                   ; rtl~6               ; yes                    ;
; RAM:ram0|memory~9                                   ; rtl~2               ; yes                    ;
; RAM:ram0|memory~1                                   ; rtl~10              ; yes                    ;
; RAM:ram0|memory~13                                  ; rtl~14              ; yes                    ;
; RAM:ram0|memory~57                                  ; rtl~3               ; yes                    ;
; RAM:ram0|memory~53                                  ; rtl~7               ; yes                    ;
; RAM:ram0|memory~49                                  ; rtl~11              ; yes                    ;
; RAM:ram0|memory~61                                  ; rtl~15              ; yes                    ;
; RAM:ram0|memory~22                                  ; rtl~5               ; yes                    ;
; RAM:ram0|memory~38                                  ; rtl~4               ; yes                    ;
; RAM:ram0|memory~6                                   ; rtl~6               ; yes                    ;
; RAM:ram0|memory~54                                  ; rtl~7               ; yes                    ;
; RAM:ram0|memory~42                                  ; rtl~1               ; yes                    ;
; RAM:ram0|memory~26                                  ; rtl~0               ; yes                    ;
; RAM:ram0|memory~10                                  ; rtl~2               ; yes                    ;
; RAM:ram0|memory~58                                  ; rtl~3               ; yes                    ;
; RAM:ram0|memory~34                                  ; rtl~9               ; yes                    ;
; RAM:ram0|memory~18                                  ; rtl~8               ; yes                    ;
; RAM:ram0|memory~2                                   ; rtl~10              ; yes                    ;
; RAM:ram0|memory~50                                  ; rtl~11              ; yes                    ;
; RAM:ram0|memory~30                                  ; rtl~13              ; yes                    ;
; RAM:ram0|memory~46                                  ; rtl~12              ; yes                    ;
; RAM:ram0|memory~14                                  ; rtl~14              ; yes                    ;
; RAM:ram0|memory~62                                  ; rtl~15              ; yes                    ;
; RAM:ram0|memory~43                                  ; rtl~1               ; yes                    ;
; RAM:ram0|memory~39                                  ; rtl~4               ; yes                    ;
; RAM:ram0|memory~35                                  ; rtl~9               ; yes                    ;
; RAM:ram0|memory~47                                  ; rtl~12              ; yes                    ;
; RAM:ram0|memory~23                                  ; rtl~5               ; yes                    ;
; RAM:ram0|memory~27                                  ; rtl~0               ; yes                    ;
; RAM:ram0|memory~19                                  ; rtl~8               ; yes                    ;
; RAM:ram0|memory~31                                  ; rtl~13              ; yes                    ;
; RAM:ram0|memory~11                                  ; rtl~2               ; yes                    ;
; RAM:ram0|memory~7                                   ; rtl~6               ; yes                    ;
; RAM:ram0|memory~3                                   ; rtl~10              ; yes                    ;
; RAM:ram0|memory~15                                  ; rtl~14              ; yes                    ;
; RAM:ram0|memory~55                                  ; rtl~7               ; yes                    ;
; RAM:ram0|memory~59                                  ; rtl~3               ; yes                    ;
; RAM:ram0|memory~51                                  ; rtl~11              ; yes                    ;
; RAM:ram0|memory~63                                  ; rtl~15              ; yes                    ;
; Number of user-specified and inferred latches = 68  ;                     ;                        ;
+-----------------------------------------------------+---------------------+------------------------+
Note: All latches listed above may not be present at the end of synthesis due to various synthesis optimizations.


+------------------------------------------------------+
; General Register Statistics                          ;
+----------------------------------------------+-------+
; Statistic                                    ; Value ;
+----------------------------------------------+-------+
; Total registers                              ; 28    ;
; Number of registers using Synchronous Clear  ; 0     ;
; Number of registers using Synchronous Load   ; 17    ;
; Number of registers using Asynchronous Clear ; 25    ;
; Number of registers using Asynchronous Load  ; 0     ;
; Number of registers using Clock Enable       ; 20    ;
; Number of registers using Preset             ; 0     ;
+----------------------------------------------+-------+


+--------------------------------------------------+
; Inverted Register Statistics                     ;
+----------------------------------------+---------+
; Inverted Register                      ; Fan out ;
+----------------------------------------+---------+
; debounce:debounce0|count[15]           ; 2       ;
; debounce:debounce0|count[16]           ; 2       ;
; debounce:debounce0|count[5]            ; 2       ;
; debounce:debounce0|count[7]            ; 2       ;
; debounce:debounce0|count[9]            ; 2       ;
; debounce:debounce0|count[10]           ; 2       ;
; Total number of inverted registers = 6 ;         ;
+----------------------------------------+---------+


+-------------------------------------------------------------------------------------------------------------------------------------------------+
; Multiplexer Restructuring Statistics (Restructuring Performed)                                                                                  ;
+--------------------+-----------+---------------+----------------------+------------------------+------------+-----------------------------------+
; Multiplexer Inputs ; Bus Width ; Baseline Area ; Area if Restructured ; Saving if Restructured ; Registered ; Example Multiplexer Output        ;
+--------------------+-----------+---------------+----------------------+------------------------+------------+-----------------------------------+
; 3:1                ; 11 bits   ; 22 LEs        ; 11 LEs               ; 11 LEs                 ; Yes        ; |cpu|debounce:debounce0|count[4]  ;
; 4:1                ; 4 bits    ; 8 LEs         ; 4 LEs                ; 4 LEs                  ; Yes        ; |cpu|pc:pc0|\clk_proc:COUNT[2]    ;
; 3:1                ; 6 bits    ; 12 LEs        ; 6 LEs                ; 6 LEs                  ; Yes        ; |cpu|debounce:debounce0|count[16] ;
; 22:1               ; 3 bits    ; 42 LEs        ; 18 LEs               ; 24 LEs                 ; No         ; |cpu|alu:alu0|Mux2                ;
+--------------------+-----------+---------------+----------------------+------------------------+------------+-----------------------------------+


+-----------------------------------------------------------------+
; Parameter Settings for User Entity Instance: debounce:debounce0 ;
+----------------+--------+---------------------------------------+
; Parameter Name ; Value  ; Type                                  ;
+----------------+--------+---------------------------------------+
; bouncetime     ; 100000 ; Signed Integer                        ;
; clkwidth       ; 17     ; Signed Integer                        ;
+----------------+--------+---------------------------------------+
Note: In order to hide this table in the UI and the text report file, please set the "Show Parameter Settings in Synthesis Report" option in "Analysis and Synthesis Settings -> More Settings" to "Off".


+-----------------------------------------------------+
; Post-Synthesis Netlist Statistics for Top Partition ;
+-----------------------+-----------------------------+
; Type                  ; Count                       ;
+-----------------------+-----------------------------+
; boundary_port         ; 105                         ;
; cycloneiii_ff         ; 28                          ;
;     CLR               ; 8                           ;
;     ENA               ; 3                           ;
;     ENA CLR SLD       ; 17                          ;
; cycloneiii_lcell_comb ; 282                         ;
;     arith             ; 19                          ;
;         2 data inputs ; 16                          ;
;         3 data inputs ; 3                           ;
;     normal            ; 263                         ;
;         0 data inputs ; 1                           ;
;         1 data inputs ; 10                          ;
;         2 data inputs ; 23                          ;
;         3 data inputs ; 76                          ;
;         4 data inputs ; 153                         ;
;                       ;                             ;
; Max LUT depth         ; 8.00                        ;
; Average LUT depth     ; 3.80                        ;
+-----------------------+-----------------------------+


+-------------------------------+
; Elapsed Time Per Partition    ;
+----------------+--------------+
; Partition Name ; Elapsed Time ;
+----------------+--------------+
; Top            ; 00:00:01     ;
+----------------+--------------+


+-------------------------------+
; Analysis & Synthesis Messages ;
+-------------------------------+
Info: *******************************************************************
Info: Running Quartus Prime Analysis & Synthesis
    Info: Version 17.0.0 Build 595 04/25/2017 SJ Standard Edition
    Info: Processing started: Thu Dec 14 20:48:55 2017
Info: Command: quartus_map --read_settings_files=on --write_settings_files=off cpu -c cpu
Warning (18236): Number of processors has not been specified which may cause overloading on shared machines.  Set the global assignment NUM_PARALLEL_PROCESSORS in your QSF to an appropriate value for best performance.
Info (20030): Parallel compilation is enabled and will use 4 of the 4 processors detected
Info (12021): Found 2 design units, including 1 entities, in source file cpu.vhd
    Info (12022): Found design unit 1: cpu-Behavior File: C:/Users/students/Desktop/CPU/cpu.vhd Line: 24
    Info (12023): Found entity 1: cpu File: C:/Users/students/Desktop/CPU/cpu.vhd Line: 4
Info (12021): Found 2 design units, including 1 entities, in source file sevsegdecoder.vhd
    Info (12022): Found design unit 1: sevsegdecoder-behavior File: C:/Users/students/Desktop/CPU/sevsegdecoder.vhd Line: 9
    Info (12023): Found entity 1: sevsegdecoder File: C:/Users/students/Desktop/CPU/sevsegdecoder.vhd Line: 4
Info (12021): Found 2 design units, including 1 entities, in source file ram.vhd
    Info (12022): Found design unit 1: RAM-Behavior File: C:/Users/students/Desktop/CPU/RAM.vhd Line: 14
    Info (12023): Found entity 1: RAM File: C:/Users/students/Desktop/CPU/RAM.vhd Line: 5
Warning (12090): Entity "mux" obtained from "mux.vhd" instead of from Quartus Prime megafunction library File: C:/Users/students/Desktop/CPU/mux.vhd Line: 7
Info (12021): Found 2 design units, including 1 entities, in source file mux.vhd
    Info (12022): Found design unit 1: mux-behavior File: C:/Users/students/Desktop/CPU/mux.vhd Line: 17
    Info (12023): Found entity 1: mux File: C:/Users/students/Desktop/CPU/mux.vhd Line: 7
Info (12021): Found 2 design units, including 1 entities, in source file acc.vhd
    Info (12022): Found design unit 1: acc-Behaviour File: C:/Users/students/Desktop/CPU/acc.vhd Line: 16
    Info (12023): Found entity 1: acc File: C:/Users/students/Desktop/CPU/acc.vhd Line: 6
Info (12021): Found 2 design units, including 1 entities, in source file insrg.vhd
    Info (12022): Found design unit 1: insrg-Behaviour File: C:/Users/students/Desktop/CPU/insrg.vhd Line: 16
    Info (12023): Found entity 1: insrg File: C:/Users/students/Desktop/CPU/insrg.vhd Line: 6
Info (12021): Found 2 design units, including 1 entities, in source file pc.vhd
    Info (12022): Found design unit 1: pc-behavior File: C:/Users/students/Desktop/CPU/pc.vhd Line: 21
    Info (12023): Found entity 1: pc File: C:/Users/students/Desktop/CPU/pc.vhd Line: 7
Info (12021): Found 2 design units, including 1 entities, in source file alu.vhd
    Info (12022): Found design unit 1: alu-behavior File: C:/Users/students/Desktop/CPU/alu.vhd Line: 20
    Info (12023): Found entity 1: alu File: C:/Users/students/Desktop/CPU/alu.vhd Line: 8
Info (12021): Found 1 design units, including 1 entities, in source file debounce.v
    Info (12023): Found entity 1: debounce File: C:/Users/students/Desktop/CPU/debounce.v Line: 1
Info (12127): Elaborating entity "cpu" for the top level hierarchy
Warning (10873): Using initial value X (don't care) for net "LEDG[7..2]" at cpu.vhd(8) File: C:/Users/students/Desktop/CPU/cpu.vhd Line: 8
Info (12128): Elaborating entity "insrg" for hierarchy "insrg:insrg0" File: C:/Users/students/Desktop/CPU/cpu.vhd Line: 113
Warning (10492): VHDL Process Statement warning at insrg.vhd(25): signal "D" is read inside the Process Statement but isn't in the Process Statement's sensitivity list File: C:/Users/students/Desktop/CPU/insrg.vhd Line: 25
Info (12128): Elaborating entity "mux" for hierarchy "mux:mux0" File: C:/Users/students/Desktop/CPU/cpu.vhd Line: 114
Info (12128): Elaborating entity "acc" for hierarchy "acc:acc0" File: C:/Users/students/Desktop/CPU/cpu.vhd Line: 115
Info (12128): Elaborating entity "alu" for hierarchy "alu:alu0" File: C:/Users/students/Desktop/CPU/cpu.vhd Line: 116
Info (12128): Elaborating entity "pc" for hierarchy "pc:pc0" File: C:/Users/students/Desktop/CPU/cpu.vhd Line: 117
Info (12128): Elaborating entity "RAM" for hierarchy "RAM:ram0" File: C:/Users/students/Desktop/CPU/cpu.vhd Line: 118
Warning (10492): VHDL Process Statement warning at RAM.vhd(28): signal "addr" is read inside the Process Statement but isn't in the Process Statement's sensitivity list File: C:/Users/students/Desktop/CPU/RAM.vhd Line: 28
Warning (10492): VHDL Process Statement warning at RAM.vhd(30): signal "memory" is read inside the Process Statement but isn't in the Process Statement's sensitivity list File: C:/Users/students/Desktop/CPU/RAM.vhd Line: 30
Warning (10492): VHDL Process Statement warning at RAM.vhd(30): signal "addr" is read inside the Process Statement but isn't in the Process Statement's sensitivity list File: C:/Users/students/Desktop/CPU/RAM.vhd Line: 30
Warning (10631): VHDL Process Statement warning at RAM.vhd(22): inferring latch(es) for signal or variable "dataout", which holds its previous value in one or more paths through the process File: C:/Users/students/Desktop/CPU/RAM.vhd Line: 22
Info (10041): Inferred latch for "dataout[0]" at RAM.vhd(22) File: C:/Users/students/Desktop/CPU/RAM.vhd Line: 22
Info (10041): Inferred latch for "dataout[1]" at RAM.vhd(22) File: C:/Users/students/Desktop/CPU/RAM.vhd Line: 22
Info (10041): Inferred latch for "dataout[2]" at RAM.vhd(22) File: C:/Users/students/Desktop/CPU/RAM.vhd Line: 22
Info (10041): Inferred latch for "dataout[3]" at RAM.vhd(22) File: C:/Users/students/Desktop/CPU/RAM.vhd Line: 22
Info (12128): Elaborating entity "debounce" for hierarchy "debounce:debounce0" File: C:/Users/students/Desktop/CPU/cpu.vhd Line: 119
Warning (10230): Verilog HDL assignment warning at debounce.v(24): truncated value with size 32 to match size of target (17) File: C:/Users/students/Desktop/CPU/debounce.v Line: 24
Warning (10230): Verilog HDL assignment warning at debounce.v(30): truncated value with size 32 to match size of target (17) File: C:/Users/students/Desktop/CPU/debounce.v Line: 30
Warning (10230): Verilog HDL assignment warning at debounce.v(39): truncated value with size 32 to match size of target (17) File: C:/Users/students/Desktop/CPU/debounce.v Line: 39
Info (12128): Elaborating entity "sevsegdecoder" for hierarchy "sevsegdecoder:disp0" File: C:/Users/students/Desktop/CPU/cpu.vhd Line: 124
Warning (13024): Output pins are stuck at VCC or GND
    Warning (13410): Pin "LEDG[2]" is stuck at GND File: C:/Users/students/Desktop/CPU/cpu.vhd Line: 8
    Warning (13410): Pin "LEDG[3]" is stuck at GND File: C:/Users/students/Desktop/CPU/cpu.vhd Line: 8
    Warning (13410): Pin "LEDG[4]" is stuck at GND File: C:/Users/students/Desktop/CPU/cpu.vhd Line: 8
    Warning (13410): Pin "LEDG[5]" is stuck at GND File: C:/Users/students/Desktop/CPU/cpu.vhd Line: 8
    Warning (13410): Pin "LEDG[6]" is stuck at GND File: C:/Users/students/Desktop/CPU/cpu.vhd Line: 8
    Warning (13410): Pin "LEDG[7]" is stuck at GND File: C:/Users/students/Desktop/CPU/cpu.vhd Line: 8
Info (286030): Timing-Driven Synthesis is running
Info (16010): Generating hard_block partition "hard_block:auto_generated_inst"
    Info (16011): Adding 0 node(s), including 0 DDIO, 0 PLL, 0 transceiver and 0 LCELL
Warning (21074): Design contains 2 input pin(s) that do not drive logic
    Warning (15610): No output dependent on input pin "KEY[2]" File: C:/Users/students/Desktop/CPU/cpu.vhd Line: 18
    Warning (15610): No output dependent on input pin "KEY[3]" File: C:/Users/students/Desktop/CPU/cpu.vhd Line: 18
Info (21057): Implemented 385 device resources after synthesis - the final resource count might be different
    Info (21058): Implemented 23 input pins
    Info (21059): Implemented 82 output pins
    Info (21061): Implemented 280 logic cells
Info: Quartus Prime Analysis & Synthesis was successful. 0 errors, 21 warnings
    Info: Peak virtual memory: 685 megabytes
    Info: Processing ended: Thu Dec 14 20:49:07 2017
    Info: Elapsed time: 00:00:12
    Info: Total CPU time (on all processors): 00:00:25


