Analysis & Synthesis report for multiplier
Fri Dec 15 02:20:13 2017
Quartus Prime Version 17.0.0 Build 595 04/25/2017 SJ Standard Edition


---------------------
; Table of Contents ;
---------------------
  1. Legal Notice
  2. Analysis & Synthesis Summary
  3. Analysis & Synthesis Settings
  4. Parallel Compilation
  5. Analysis & Synthesis Source Files Read
  6. Analysis & Synthesis Resource Usage Summary
  7. Analysis & Synthesis Resource Utilization by Entity
  8. Registers Removed During Synthesis
  9. General Register Statistics
 10. Inverted Register Statistics
 11. Multiplexer Restructuring Statistics (Restructuring Performed)
 12. Parameter Settings for User Entity Instance: debounce:debounce0
 13. Port Connectivity Checks: "debounce:debounce0"
 14. Port Connectivity Checks: "alu:alu0"
 15. Post-Synthesis Netlist Statistics for Top Partition
 16. Elapsed Time Per Partition
 17. Analysis & Synthesis Messages



----------------
; Legal Notice ;
----------------
Copyright (C) 2017  Intel Corporation. All rights reserved.
Your use of Intel Corporation's design tools, logic functions 
and other software and tools, and its AMPP partner logic 
functions, and any output files from any of the foregoing 
(including device programming or simulation files), and any 
associated documentation or information are expressly subject 
to the terms and conditions of the Intel Program License 
Subscription Agreement, the Intel Quartus Prime License Agreement,
the Intel MegaCore Function License Agreement, or other 
applicable license agreement, including, without limitation, 
that your use is for the sole purpose of programming logic 
devices manufactured by Intel and sold by Intel or its 
authorized distributors.  Please refer to the applicable 
agreement for further details.



+--------------------------------------------------------------------------------------+
; Analysis & Synthesis Summary                                                         ;
+------------------------------------+-------------------------------------------------+
; Analysis & Synthesis Status        ; Successful - Fri Dec 15 02:20:13 2017           ;
; Quartus Prime Version              ; 17.0.0 Build 595 04/25/2017 SJ Standard Edition ;
; Revision Name                      ; multiplier                                      ;
; Top-level Entity Name              ; multiplier                                      ;
; Family                             ; Cyclone IV E                                    ;
; Total logic elements               ; 101                                             ;
;     Total combinational functions  ; 100                                             ;
;     Dedicated logic registers      ; 35                                              ;
; Total registers                    ; 35                                              ;
; Total pins                         ; 90                                              ;
; Total virtual pins                 ; 0                                               ;
; Total memory bits                  ; 0                                               ;
; Embedded Multiplier 9-bit elements ; 0                                               ;
; Total PLLs                         ; 0                                               ;
+------------------------------------+-------------------------------------------------+


+----------------------------------------------------------------------------------------------------------------------+
; Analysis & Synthesis Settings                                                                                        ;
+----------------------------------------------------------------------------+--------------------+--------------------+
; Option                                                                     ; Setting            ; Default Value      ;
+----------------------------------------------------------------------------+--------------------+--------------------+
; Device                                                                     ; EP4CE115F29C7      ;                    ;
; Top-level entity name                                                      ; multiplier         ; multiplier         ;
; Family name                                                                ; Cyclone IV E       ; Cyclone V          ;
; Use smart compilation                                                      ; Off                ; Off                ;
; Enable parallel Assembler and TimeQuest Timing Analyzer during compilation ; On                 ; On                 ;
; Enable compact report table                                                ; Off                ; Off                ;
; Restructure Multiplexers                                                   ; Auto               ; Auto               ;
; Create Debugging Nodes for IP Cores                                        ; Off                ; Off                ;
; Preserve fewer node names                                                  ; On                 ; On                 ;
; OpenCore Plus hardware evaluation                                          ; Enable             ; Enable             ;
; Verilog Version                                                            ; Verilog_2001       ; Verilog_2001       ;
; VHDL Version                                                               ; VHDL_1993          ; VHDL_1993          ;
; State Machine Processing                                                   ; Auto               ; Auto               ;
; Safe State Machine                                                         ; Off                ; Off                ;
; Extract Verilog State Machines                                             ; On                 ; On                 ;
; Extract VHDL State Machines                                                ; On                 ; On                 ;
; Ignore Verilog initial constructs                                          ; Off                ; Off                ;
; Iteration limit for constant Verilog loops                                 ; 5000               ; 5000               ;
; Iteration limit for non-constant Verilog loops                             ; 250                ; 250                ;
; Add Pass-Through Logic to Inferred RAMs                                    ; On                 ; On                 ;
; Infer RAMs from Raw Logic                                                  ; On                 ; On                 ;
; Parallel Synthesis                                                         ; On                 ; On                 ;
; DSP Block Balancing                                                        ; Auto               ; Auto               ;
; NOT Gate Push-Back                                                         ; On                 ; On                 ;
; Power-Up Don't Care                                                        ; On                 ; On                 ;
; Remove Redundant Logic Cells                                               ; Off                ; Off                ;
; Remove Duplicate Registers                                                 ; On                 ; On                 ;
; Ignore CARRY Buffers                                                       ; Off                ; Off                ;
; Ignore CASCADE Buffers                                                     ; Off                ; Off                ;
; Ignore GLOBAL Buffers                                                      ; Off                ; Off                ;
; Ignore ROW GLOBAL Buffers                                                  ; Off                ; Off                ;
; Ignore LCELL Buffers                                                       ; Off                ; Off                ;
; Ignore SOFT Buffers                                                        ; On                 ; On                 ;
; Limit AHDL Integers to 32 Bits                                             ; Off                ; Off                ;
; Optimization Technique                                                     ; Balanced           ; Balanced           ;
; Carry Chain Length                                                         ; 70                 ; 70                 ;
; Auto Carry Chains                                                          ; On                 ; On                 ;
; Auto Open-Drain Pins                                                       ; On                 ; On                 ;
; Perform WYSIWYG Primitive Resynthesis                                      ; Off                ; Off                ;
; Auto ROM Replacement                                                       ; On                 ; On                 ;
; Auto RAM Replacement                                                       ; On                 ; On                 ;
; Auto DSP Block Replacement                                                 ; On                 ; On                 ;
; Auto Shift Register Replacement                                            ; Auto               ; Auto               ;
; Allow Shift Register Merging across Hierarchies                            ; Auto               ; Auto               ;
; Auto Clock Enable Replacement                                              ; On                 ; On                 ;
; Strict RAM Replacement                                                     ; Off                ; Off                ;
; Allow Synchronous Control Signals                                          ; On                 ; On                 ;
; Force Use of Synchronous Clear Signals                                     ; Off                ; Off                ;
; Auto RAM Block Balancing                                                   ; On                 ; On                 ;
; Auto RAM to Logic Cell Conversion                                          ; Off                ; Off                ;
; Auto Resource Sharing                                                      ; Off                ; Off                ;
; Allow Any RAM Size For Recognition                                         ; Off                ; Off                ;
; Allow Any ROM Size For Recognition                                         ; Off                ; Off                ;
; Allow Any Shift Register Size For Recognition                              ; Off                ; Off                ;
; Use LogicLock Constraints during Resource Balancing                        ; On                 ; On                 ;
; Ignore translate_off and synthesis_off directives                          ; Off                ; Off                ;
; Timing-Driven Synthesis                                                    ; On                 ; On                 ;
; Report Parameter Settings                                                  ; On                 ; On                 ;
; Report Source Assignments                                                  ; On                 ; On                 ;
; Report Connectivity Checks                                                 ; On                 ; On                 ;
; Ignore Maximum Fan-Out Assignments                                         ; Off                ; Off                ;
; Synchronization Register Chain Length                                      ; 2                  ; 2                  ;
; PowerPlay Power Optimization During Synthesis                              ; Normal compilation ; Normal compilation ;
; HDL message level                                                          ; Level2             ; Level2             ;
; Suppress Register Optimization Related Messages                            ; Off                ; Off                ;
; Number of Removed Registers Reported in Synthesis Report                   ; 5000               ; 5000               ;
; Number of Swept Nodes Reported in Synthesis Report                         ; 5000               ; 5000               ;
; Number of Inverted Registers Reported in Synthesis Report                  ; 100                ; 100                ;
; Clock MUX Protection                                                       ; On                 ; On                 ;
; Auto Gated Clock Conversion                                                ; Off                ; Off                ;
; Block Design Naming                                                        ; Auto               ; Auto               ;
; SDC constraint protection                                                  ; Off                ; Off                ;
; Synthesis Effort                                                           ; Auto               ; Auto               ;
; Shift Register Replacement - Allow Asynchronous Clear Signal               ; On                 ; On                 ;
; Pre-Mapping Resynthesis Optimization                                       ; Off                ; Off                ;
; Analysis & Synthesis Message Level                                         ; Medium             ; Medium             ;
; Disable Register Merging Across Hierarchies                                ; Auto               ; Auto               ;
; Resource Aware Inference For Block RAM                                     ; On                 ; On                 ;
+----------------------------------------------------------------------------+--------------------+--------------------+


+------------------------------------------+
; Parallel Compilation                     ;
+----------------------------+-------------+
; Processors                 ; Number      ;
+----------------------------+-------------+
; Number detected on machine ; 8           ;
; Maximum allowed            ; 4           ;
;                            ;             ;
; Average used               ; 1.00        ;
; Maximum used               ; 4           ;
;                            ;             ;
; Usage by Processor         ; % Time Used ;
;     Processor 1            ; 100.0%      ;
;     Processors 2-4         ;   0.0%      ;
+----------------------------+-------------+


+-----------------------------------------------------------------------------------------------------------------------------------------+
; Analysis & Synthesis Source Files Read                                                                                                  ;
+----------------------------------+-----------------+------------------------+-------------------------------------------------+---------+
; File Name with User-Entered Path ; Used in Netlist ; File Type              ; File Name with Absolute Path                    ; Library ;
+----------------------------------+-----------------+------------------------+-------------------------------------------------+---------+
; multiplier.vhd                   ; yes             ; User VHDL File         ; C:/Users/students/Desktop/ADS/multiplier.vhd    ;         ;
; sevsegdecoder.vhd                ; yes             ; User VHDL File         ; C:/Users/students/Desktop/ADS/sevsegdecoder.vhd ;         ;
; piso.vhd                         ; yes             ; User VHDL File         ; C:/Users/students/Desktop/ADS/piso.vhd          ;         ;
; sipo.vhd                         ; yes             ; User VHDL File         ; C:/Users/students/Desktop/ADS/sipo.vhd          ;         ;
; alu.vhd                          ; yes             ; User VHDL File         ; C:/Users/students/Desktop/ADS/alu.vhd           ;         ;
; andgates.vhd                     ; yes             ; User VHDL File         ; C:/Users/students/Desktop/ADS/andgates.vhd      ;         ;
; reg.vhd                          ; yes             ; User VHDL File         ; C:/Users/students/Desktop/ADS/reg.vhd           ;         ;
; debounce.v                       ; yes             ; User Verilog HDL File  ; C:/Users/students/Desktop/ADS/debounce.v        ;         ;
+----------------------------------+-----------------+------------------------+-------------------------------------------------+---------+


+------------------------------------------------------------+
; Analysis & Synthesis Resource Usage Summary                ;
+---------------------------------------------+--------------+
; Resource                                    ; Usage        ;
+---------------------------------------------+--------------+
; Estimated Total logic elements              ; 101          ;
;                                             ;              ;
; Total combinational functions               ; 100          ;
; Logic element usage by number of LUT inputs ;              ;
;     -- 4 input functions                    ; 55           ;
;     -- 3 input functions                    ; 8            ;
;     -- <=2 input functions                  ; 37           ;
;                                             ;              ;
; Logic elements by mode                      ;              ;
;     -- normal mode                          ; 80           ;
;     -- arithmetic mode                      ; 20           ;
;                                             ;              ;
; Total registers                             ; 35           ;
;     -- Dedicated logic registers            ; 35           ;
;     -- I/O registers                        ; 0            ;
;                                             ;              ;
; I/O pins                                    ; 90           ;
;                                             ;              ;
; Embedded Multiplier 9-bit elements          ; 0            ;
;                                             ;              ;
; Maximum fan-out node                        ; KEY[1]~input ;
; Maximum fan-out                             ; 19           ;
; Total fan-out                               ; 595          ;
; Average fan-out                             ; 1.89         ;
+---------------------------------------------+--------------+


+------------------------------------------------------------------------------------------------------------------------------------------------------------------------------------------------------------------------+
; Analysis & Synthesis Resource Utilization by Entity                                                                                                                                                                    ;
+----------------------------+---------------------+---------------------------+-------------+--------------+---------+-----------+------+--------------+---------------------------------+---------------+--------------+
; Compilation Hierarchy Node ; Combinational ALUTs ; Dedicated Logic Registers ; Memory Bits ; DSP Elements ; DSP 9x9 ; DSP 18x18 ; Pins ; Virtual Pins ; Full Hierarchy Name             ; Entity Name   ; Library Name ;
+----------------------------+---------------------+---------------------------+-------------+--------------+---------+-----------+------+--------------+---------------------------------+---------------+--------------+
; |multiplier                ; 100 (1)             ; 35 (0)                    ; 0           ; 0            ; 0       ; 0         ; 90   ; 0            ; |multiplier                     ; multiplier    ; work         ;
;    |alu:alu0|              ; 5 (5)               ; 0 (0)                     ; 0           ; 0            ; 0       ; 0         ; 0    ; 0            ; |multiplier|alu:alu0            ; alu           ; work         ;
;    |andgates:andgates0|    ; 4 (4)               ; 0 (0)                     ; 0           ; 0            ; 0       ; 0         ; 0    ; 0            ; |multiplier|andgates:andgates0  ; andgates      ; work         ;
;    |debounce:debounce0|    ; 25 (25)             ; 19 (19)                   ; 0           ; 0            ; 0       ; 0         ; 0    ; 0            ; |multiplier|debounce:debounce0  ; debounce      ; work         ;
;    |piso:piso0|            ; 4 (4)               ; 4 (4)                     ; 0           ; 0            ; 0       ; 0         ; 0    ; 0            ; |multiplier|piso:piso0          ; piso          ; work         ;
;    |reg:reg0|              ; 4 (4)               ; 4 (4)                     ; 0           ; 0            ; 0       ; 0         ; 0    ; 0            ; |multiplier|reg:reg0            ; reg           ; work         ;
;    |sevsegdecoder:disp0|   ; 7 (7)               ; 0 (0)                     ; 0           ; 0            ; 0       ; 0         ; 0    ; 0            ; |multiplier|sevsegdecoder:disp0 ; sevsegdecoder ; work         ;
;    |sevsegdecoder:disp1|   ; 7 (7)               ; 0 (0)                     ; 0           ; 0            ; 0       ; 0         ; 0    ; 0            ; |multiplier|sevsegdecoder:disp1 ; sevsegdecoder ; work         ;
;    |sevsegdecoder:disp2|   ; 7 (7)               ; 0 (0)                     ; 0           ; 0            ; 0       ; 0         ; 0    ; 0            ; |multiplier|sevsegdecoder:disp2 ; sevsegdecoder ; work         ;
;    |sevsegdecoder:disp3|   ; 7 (7)               ; 0 (0)                     ; 0           ; 0            ; 0       ; 0         ; 0    ; 0            ; |multiplier|sevsegdecoder:disp3 ; sevsegdecoder ; work         ;
;    |sevsegdecoder:disp4|   ; 7 (7)               ; 0 (0)                     ; 0           ; 0            ; 0       ; 0         ; 0    ; 0            ; |multiplier|sevsegdecoder:disp4 ; sevsegdecoder ; work         ;
;    |sevsegdecoder:disp6|   ; 7 (7)               ; 0 (0)                     ; 0           ; 0            ; 0       ; 0         ; 0    ; 0            ; |multiplier|sevsegdecoder:disp6 ; sevsegdecoder ; work         ;
;    |sevsegdecoder:disp7|   ; 7 (7)               ; 0 (0)                     ; 0           ; 0            ; 0       ; 0         ; 0    ; 0            ; |multiplier|sevsegdecoder:disp7 ; sevsegdecoder ; work         ;
;    |sipo:sipo0|            ; 8 (8)               ; 8 (8)                     ; 0           ; 0            ; 0       ; 0         ; 0    ; 0            ; |multiplier|sipo:sipo0          ; sipo          ; work         ;
+----------------------------+---------------------+---------------------------+-------------+--------------+---------+-----------+------+--------------+---------------------------------+---------------+--------------+
Note: For table entries with two numbers listed, the numbers in parentheses indicate the number of resources of the given type used by the specific entity alone. The numbers listed outside of parentheses indicate the total resources of the given type used by the specific entity and all of its sub-entities in the hierarchy.


+----------------------------------------------------------------------------+
; Registers Removed During Synthesis                                         ;
+---------------------------------------+------------------------------------+
; Register name                         ; Reason for Removal                 ;
+---------------------------------------+------------------------------------+
; sipo:sipo0|op[3]                      ; Merged with sipo:sipo0|\p1:temp[4] ;
; sipo:sipo0|op[2]                      ; Merged with sipo:sipo0|\p1:temp[5] ;
; sipo:sipo0|op[1]                      ; Merged with sipo:sipo0|\p1:temp[6] ;
; sipo:sipo0|op[7]                      ; Merged with sipo:sipo0|\p1:temp[0] ;
; sipo:sipo0|op[6]                      ; Merged with sipo:sipo0|\p1:temp[1] ;
; sipo:sipo0|op[5]                      ; Merged with sipo:sipo0|\p1:temp[2] ;
; sipo:sipo0|op[4]                      ; Merged with sipo:sipo0|\p1:temp[3] ;
; Total Number of Removed Registers = 7 ;                                    ;
+---------------------------------------+------------------------------------+


+------------------------------------------------------+
; General Register Statistics                          ;
+----------------------------------------------+-------+
; Statistic                                    ; Value ;
+----------------------------------------------+-------+
; Total registers                              ; 35    ;
; Number of registers using Synchronous Clear  ; 4     ;
; Number of registers using Synchronous Load   ; 17    ;
; Number of registers using Asynchronous Clear ; 17    ;
; Number of registers using Asynchronous Load  ; 0     ;
; Number of registers using Clock Enable       ; 18    ;
; Number of registers using Preset             ; 0     ;
+----------------------------------------------+-------+


+--------------------------------------------------+
; Inverted Register Statistics                     ;
+----------------------------------------+---------+
; Inverted Register                      ; Fan out ;
+----------------------------------------+---------+
; debounce:debounce0|count[15]           ; 2       ;
; debounce:debounce0|count[16]           ; 2       ;
; debounce:debounce0|count[5]            ; 2       ;
; debounce:debounce0|count[7]            ; 2       ;
; debounce:debounce0|count[9]            ; 2       ;
; debounce:debounce0|count[10]           ; 2       ;
; Total number of inverted registers = 6 ;         ;
+----------------------------------------+---------+


+--------------------------------------------------------------------------------------------------------------------------------------------------------+
; Multiplexer Restructuring Statistics (Restructuring Performed)                                                                                         ;
+--------------------+-----------+---------------+----------------------+------------------------+------------+------------------------------------------+
; Multiplexer Inputs ; Bus Width ; Baseline Area ; Area if Restructured ; Saving if Restructured ; Registered ; Example Multiplexer Output               ;
+--------------------+-----------+---------------+----------------------+------------------------+------------+------------------------------------------+
; 3:1                ; 3 bits    ; 6 LEs         ; 6 LEs                ; 0 LEs                  ; Yes        ; |multiplier|piso:piso0|\p0:reg[0]        ;
; 3:1                ; 11 bits   ; 22 LEs        ; 11 LEs               ; 11 LEs                 ; Yes        ; |multiplier|debounce:debounce0|count[13] ;
; 3:1                ; 6 bits    ; 12 LEs        ; 6 LEs                ; 6 LEs                  ; Yes        ; |multiplier|debounce:debounce0|count[16] ;
+--------------------+-----------+---------------+----------------------+------------------------+------------+------------------------------------------+


+-----------------------------------------------------------------+
; Parameter Settings for User Entity Instance: debounce:debounce0 ;
+----------------+--------+---------------------------------------+
; Parameter Name ; Value  ; Type                                  ;
+----------------+--------+---------------------------------------+
; bouncetime     ; 100000 ; Signed Integer                        ;
; clkwidth       ; 17     ; Signed Integer                        ;
+----------------+--------+---------------------------------------+
Note: In order to hide this table in the UI and the text report file, please set the "Show Parameter Settings in Synthesis Report" option in "Analysis and Synthesis Settings -> More Settings" to "Off".


+-------------------------------------------------------------------------------------------------------------------+
; Port Connectivity Checks: "debounce:debounce0"                                                                    ;
+---------+--------+----------+-------------------------------------------------------------------------------------+
; Port    ; Type   ; Severity ; Details                                                                             ;
+---------+--------+----------+-------------------------------------------------------------------------------------+
; invoutp ; Output ; Info     ; Connected to dangling logic. Logic that only feeds a dangling port will be removed. ;
+---------+--------+----------+-------------------------------------------------------------------------------------+


+-------------------------------------------+
; Port Connectivity Checks: "alu:alu0"      ;
+---------+-------+----------+--------------+
; Port    ; Type  ; Severity ; Details      ;
+---------+-------+----------+--------------+
; num1[4] ; Input ; Info     ; Stuck at GND ;
; num2[4] ; Input ; Info     ; Stuck at GND ;
+---------+-------+----------+--------------+


+-----------------------------------------------------+
; Post-Synthesis Netlist Statistics for Top Partition ;
+-----------------------+-----------------------------+
; Type                  ; Count                       ;
+-----------------------+-----------------------------+
; boundary_port         ; 90                          ;
; cycloneiii_ff         ; 35                          ;
;     ENA               ; 1                           ;
;     ENA CLR SLD       ; 17                          ;
;     SCLR              ; 4                           ;
;     plain             ; 13                          ;
; cycloneiii_lcell_comb ; 107                         ;
;     arith             ; 20                          ;
;         2 data inputs ; 16                          ;
;         3 data inputs ; 4                           ;
;     normal            ; 87                          ;
;         0 data inputs ; 2                           ;
;         1 data inputs ; 8                           ;
;         2 data inputs ; 18                          ;
;         3 data inputs ; 4                           ;
;         4 data inputs ; 55                          ;
;                       ;                             ;
; Max LUT depth         ; 4.40                        ;
; Average LUT depth     ; 2.33                        ;
+-----------------------+-----------------------------+


+-------------------------------+
; Elapsed Time Per Partition    ;
+----------------+--------------+
; Partition Name ; Elapsed Time ;
+----------------+--------------+
; Top            ; 00:00:00     ;
+----------------+--------------+


+-------------------------------+
; Analysis & Synthesis Messages ;
+-------------------------------+
Info: *******************************************************************
Info: Running Quartus Prime Analysis & Synthesis
    Info: Version 17.0.0 Build 595 04/25/2017 SJ Standard Edition
    Info: Processing started: Fri Dec 15 02:20:01 2017
Info: Command: quartus_map --read_settings_files=on --write_settings_files=off multiplier -c multiplier
Warning (18236): Number of processors has not been specified which may cause overloading on shared machines.  Set the global assignment NUM_PARALLEL_PROCESSORS in your QSF to an appropriate value for best performance.
Info (20030): Parallel compilation is enabled and will use 4 of the 4 processors detected
Info (12021): Found 2 design units, including 1 entities, in source file multiplier.vhd
    Info (12022): Found design unit 1: multiplier-Behavior File: C:/Users/students/Desktop/ADS/multiplier.vhd Line: 23
    Info (12023): Found entity 1: multiplier File: C:/Users/students/Desktop/ADS/multiplier.vhd Line: 4
Info (12021): Found 2 design units, including 1 entities, in source file sevsegdecoder.vhd
    Info (12022): Found design unit 1: sevsegdecoder-behavior File: C:/Users/students/Desktop/ADS/sevsegdecoder.vhd Line: 9
    Info (12023): Found entity 1: sevsegdecoder File: C:/Users/students/Desktop/ADS/sevsegdecoder.vhd Line: 4
Info (12021): Found 2 design units, including 1 entities, in source file piso.vhd
    Info (12022): Found design unit 1: piso-behavior File: C:/Users/students/Desktop/ADS/piso.vhd Line: 12
    Info (12023): Found entity 1: piso File: C:/Users/students/Desktop/ADS/piso.vhd Line: 4
Info (12021): Found 2 design units, including 1 entities, in source file sipo.vhd
    Info (12022): Found design unit 1: sipo-Behavior File: C:/Users/students/Desktop/ADS/sipo.vhd Line: 14
    Info (12023): Found entity 1: sipo File: C:/Users/students/Desktop/ADS/sipo.vhd Line: 5
Info (12021): Found 2 design units, including 1 entities, in source file alu.vhd
    Info (12022): Found design unit 1: alu-Behavioral File: C:/Users/students/Desktop/ADS/alu.vhd Line: 12
    Info (12023): Found entity 1: alu File: C:/Users/students/Desktop/ADS/alu.vhd Line: 5
Info (12021): Found 2 design units, including 1 entities, in source file andgates.vhd
    Info (12022): Found design unit 1: andgates-Behavior File: C:/Users/students/Desktop/ADS/andgates.vhd Line: 13
    Info (12023): Found entity 1: andgates File: C:/Users/students/Desktop/ADS/andgates.vhd Line: 7
Info (12021): Found 2 design units, including 1 entities, in source file reg.vhd
    Info (12022): Found design unit 1: reg-Behaviour File: C:/Users/students/Desktop/ADS/reg.vhd Line: 15
    Info (12023): Found entity 1: reg File: C:/Users/students/Desktop/ADS/reg.vhd Line: 5
Info (12021): Found 1 design units, including 1 entities, in source file debounce.v
    Info (12023): Found entity 1: debounce File: C:/Users/students/Desktop/ADS/debounce.v Line: 1
Info (12127): Elaborating entity "multiplier" for the top level hierarchy
Warning (10541): VHDL Signal Declaration warning at multiplier.vhd(8): used implicit default value for signal "LEDR" because signal was never assigned a value or an explicit default value. Use of implicit default value may introduce unintended design optimizations. File: C:/Users/students/Desktop/ADS/multiplier.vhd Line: 8
Warning (10036): Verilog HDL or VHDL warning at multiplier.vhd(74): object "clk_not" assigned a value but never read File: C:/Users/students/Desktop/ADS/multiplier.vhd Line: 74
Info (12128): Elaborating entity "piso" for hierarchy "piso:piso0" File: C:/Users/students/Desktop/ADS/multiplier.vhd Line: 82
Info (12128): Elaborating entity "andgates" for hierarchy "andgates:andgates0" File: C:/Users/students/Desktop/ADS/multiplier.vhd Line: 83
Info (12128): Elaborating entity "alu" for hierarchy "alu:alu0" File: C:/Users/students/Desktop/ADS/multiplier.vhd Line: 85
Info (12128): Elaborating entity "reg" for hierarchy "reg:reg0" File: C:/Users/students/Desktop/ADS/multiplier.vhd Line: 86
Info (12128): Elaborating entity "sipo" for hierarchy "sipo:sipo0" File: C:/Users/students/Desktop/ADS/multiplier.vhd Line: 88
Info (12128): Elaborating entity "debounce" for hierarchy "debounce:debounce0" File: C:/Users/students/Desktop/ADS/multiplier.vhd Line: 91
Warning (10230): Verilog HDL assignment warning at debounce.v(24): truncated value with size 32 to match size of target (17) File: C:/Users/students/Desktop/ADS/debounce.v Line: 24
Warning (10230): Verilog HDL assignment warning at debounce.v(30): truncated value with size 32 to match size of target (17) File: C:/Users/students/Desktop/ADS/debounce.v Line: 30
Warning (10230): Verilog HDL assignment warning at debounce.v(39): truncated value with size 32 to match size of target (17) File: C:/Users/students/Desktop/ADS/debounce.v Line: 39
Info (12128): Elaborating entity "sevsegdecoder" for hierarchy "sevsegdecoder:disp0" File: C:/Users/students/Desktop/ADS/multiplier.vhd Line: 97
Warning (13024): Output pins are stuck at VCC or GND
    Warning (13410): Pin "LEDR[0]" is stuck at GND File: C:/Users/students/Desktop/ADS/multiplier.vhd Line: 8
    Warning (13410): Pin "LEDR[1]" is stuck at GND File: C:/Users/students/Desktop/ADS/multiplier.vhd Line: 8
    Warning (13410): Pin "LEDR[2]" is stuck at GND File: C:/Users/students/Desktop/ADS/multiplier.vhd Line: 8
    Warning (13410): Pin "LEDR[3]" is stuck at GND File: C:/Users/students/Desktop/ADS/multiplier.vhd Line: 8
    Warning (13410): Pin "LEDR[4]" is stuck at GND File: C:/Users/students/Desktop/ADS/multiplier.vhd Line: 8
    Warning (13410): Pin "LEDR[5]" is stuck at GND File: C:/Users/students/Desktop/ADS/multiplier.vhd Line: 8
    Warning (13410): Pin "LEDR[6]" is stuck at GND File: C:/Users/students/Desktop/ADS/multiplier.vhd Line: 8
    Warning (13410): Pin "LEDR[7]" is stuck at GND File: C:/Users/students/Desktop/ADS/multiplier.vhd Line: 8
    Warning (13410): Pin "LEDR[8]" is stuck at GND File: C:/Users/students/Desktop/ADS/multiplier.vhd Line: 8
    Warning (13410): Pin "LEDR[9]" is stuck at GND File: C:/Users/students/Desktop/ADS/multiplier.vhd Line: 8
    Warning (13410): Pin "LEDR[10]" is stuck at GND File: C:/Users/students/Desktop/ADS/multiplier.vhd Line: 8
    Warning (13410): Pin "LEDR[11]" is stuck at GND File: C:/Users/students/Desktop/ADS/multiplier.vhd Line: 8
    Warning (13410): Pin "LEDR[12]" is stuck at GND File: C:/Users/students/Desktop/ADS/multiplier.vhd Line: 8
    Warning (13410): Pin "LEDR[13]" is stuck at GND File: C:/Users/students/Desktop/ADS/multiplier.vhd Line: 8
    Warning (13410): Pin "LEDR[14]" is stuck at GND File: C:/Users/students/Desktop/ADS/multiplier.vhd Line: 8
    Warning (13410): Pin "LEDR[15]" is stuck at GND File: C:/Users/students/Desktop/ADS/multiplier.vhd Line: 8
    Warning (13410): Pin "LEDR[16]" is stuck at GND File: C:/Users/students/Desktop/ADS/multiplier.vhd Line: 8
    Warning (13410): Pin "LEDR[17]" is stuck at GND File: C:/Users/students/Desktop/ADS/multiplier.vhd Line: 8
Info (286030): Timing-Driven Synthesis is running
Info (16010): Generating hard_block partition "hard_block:auto_generated_inst"
    Info (16011): Adding 0 node(s), including 0 DDIO, 0 PLL, 0 transceiver and 0 LCELL
Warning (21074): Design contains 10 input pin(s) that do not drive logic
    Warning (15610): No output dependent on input pin "SW[2]" File: C:/Users/students/Desktop/ADS/multiplier.vhd Line: 6
    Warning (15610): No output dependent on input pin "SW[3]" File: C:/Users/students/Desktop/ADS/multiplier.vhd Line: 6
    Warning (15610): No output dependent on input pin "SW[4]" File: C:/Users/students/Desktop/ADS/multiplier.vhd Line: 6
    Warning (15610): No output dependent on input pin "SW[5]" File: C:/Users/students/Desktop/ADS/multiplier.vhd Line: 6
    Warning (15610): No output dependent on input pin "SW[6]" File: C:/Users/students/Desktop/ADS/multiplier.vhd Line: 6
    Warning (15610): No output dependent on input pin "SW[7]" File: C:/Users/students/Desktop/ADS/multiplier.vhd Line: 6
    Warning (15610): No output dependent on input pin "SW[8]" File: C:/Users/students/Desktop/ADS/multiplier.vhd Line: 6
    Warning (15610): No output dependent on input pin "SW[9]" File: C:/Users/students/Desktop/ADS/multiplier.vhd Line: 6
    Warning (15610): No output dependent on input pin "KEY[2]" File: C:/Users/students/Desktop/ADS/multiplier.vhd Line: 17
    Warning (15610): No output dependent on input pin "KEY[3]" File: C:/Users/students/Desktop/ADS/multiplier.vhd Line: 17
Info (21057): Implemented 191 device resources after synthesis - the final resource count might be different
    Info (21058): Implemented 23 input pins
    Info (21059): Implemented 67 output pins
    Info (21061): Implemented 101 logic cells
Info: Quartus Prime Analysis & Synthesis was successful. 0 errors, 36 warnings
    Info: Peak virtual memory: 686 megabytes
    Info: Processing ended: Fri Dec 15 02:20:13 2017
    Info: Elapsed time: 00:00:12
    Info: Total CPU time (on all processors): 00:00:24


